build/outputs/mapping/release/seeds.txt
com.unity3d.flyingchess.MainActivity
com.unity3d.flyingchess.MainActivity: MainActivity()
com.unity3d.flyingchess.R$drawable: int app_banner
com.unity3d.flyingchess.R$drawable: int app_icon
com.unity3d.flyingchess.R$id: int cur_action
com.unity3d.flyingchess.R$id: int unity_view
com.unity3d.flyingchess.R$layout: int activity_main
com.unity3d.flyingchess.R$string: int BLUE
com.unity3d.flyingchess.R$string: int GREEN
com.unity3d.flyingchess.R$string: int NOW
com.unity3d.flyingchess.R$string: int PLAYER
com.unity3d.flyingchess.R$string: int RED
com.unity3d.flyingchess.R$string: int YELLOW
com.unity3d.flyingchess.R$string: int app_name
com.unity3d.flyingchess.R$string: int dice_result
com.unity3d.flyingchess.R$string: int player_choice
com.unity3d.flyingchess.R$style: int UnityThemeSelector
com.unity3d.flyingchess.R$style: int UnityThemeSelector_Translucent
com.unity3d.flyingchess.UnityPlayerActivity
com.unity3d.flyingchess.UnityPlayerActivity: UnityPlayerActivity()
...
com.unity3d.player.h
com.unity3d.player.h: boolean a
com.unity3d.player.h: boolean b
com.unity3d.player.h: boolean c
com.unity3d.player.h: com.unity3d.player.c d
com.unity3d.player.h: void <clinit>()
com.unity3d.player.i
com.unity3d.player.i: android.content.Context a
com.unity3d.player.i: com.unity3d.player.UnityPlayer b
com.unity3d.player.i: int c
com.unity3d.player.i: int d
com.unity3d.player.i: int e
com.unity3d.player.i: int f
com.unity3d.player.i: i(android.content.Context,com.unity3d.player.UnityPlayer,java.lang.String,int,boolean,boolean,boolean,java.lang.String)
com.unity3d.player.i: void a(android.widget.EditText,java.lang.String,int,boolean,boolean,boolean,java.lang.String)
com.unity3d.player.i: void afterTextChanged(android.text.Editable)
com.unity3d.player.i: void beforeTextChanged(java.lang.CharSequence,int,int,int)
com.unity3d.player.i: void onTextChanged(java.lang.CharSequence,int,int,int)
com.unity3d.player.i: int a(int,boolean,boolean,boolean)
com.unity3d.player.i: void a(java.lang.String,boolean)
com.unity3d.player.i: void onClick(android.view.View)
com.unity3d.player.i: void onBackPressed()
com.unity3d.player.i: android.view.View createSoftInputView()
com.unity3d.player.i: java.lang.String a()
com.unity3d.player.i: void a(java.lang.String)
com.unity3d.player.i: java.lang.String a(com.unity3d.player.i)
com.unity3d.player.i: void a(com.unity3d.player.i,java.lang.String,boolean)
com.unity3d.player.i: android.content.Context b(com.unity3d.player.i)
com.unity3d.player.i: void <clinit>()
com.unity3d.player.i$1
com.unity3d.player.i$1: com.unity3d.player.i a
com.unity3d.player.i$1: i$1(com.unity3d.player.i)
com.unity3d.player.i$1: void onFocusChange(android.view.View,boolean)
com.unity3d.player.i$2
com.unity3d.player.i$2: com.unity3d.player.i a
com.unity3d.player.i$2: i$2(com.unity3d.player.i,android.content.Context)
com.unity3d.player.i$2: boolean onKeyPreIme(int,android.view.KeyEvent)
com.unity3d.player.i$2: void onWindowFocusChanged(boolean)
com.unity3d.player.i$3
com.unity3d.player.i$3: com.unity3d.player.i a
com.unity3d.player.i$3: i$3(com.unity3d.player.i)
com.unity3d.player.i$3: boolean onEditorAction(android.widget.TextView,int,android.view.KeyEvent)
com.unity3d.player.j
com.unity3d.player.j: int a
com.unity3d.player.j: int b
com.unity3d.player.j: android.graphics.Bitmap c
com.unity3d.player.j: android.graphics.Bitmap d
com.unity3d.player.j: j(android.content.Context,int)
com.unity3d.player.j: void onLayout(boolean,int,int,int,int)
com.unity3d.player.j: void onDetachedFromWindow()
com.unity3d.player.j$1
com.unity3d.player.j$1: int[] a
com.unity3d.player.j$1: void <clinit>()
com.unity3d.player.j$a
com.unity3d.player.j$a: int a
com.unity3d.player.j$a: int b
com.unity3d.player.j$a: int c
com.unity3d.player.j$a: int[] d
com.unity3d.player.j$a: int[] a()
com.unity3d.player.j$a: void <clinit>()
com.unity3d.player.k
com.unity3d.player.k: java.lang.Thread$UncaughtExceptionHandler a
com.unity3d.player.k: k()
com.unity3d.player.k: boolean a()
com.unity3d.player.k: void uncaughtException(java.lang.Thread,java.lang.Throwable)
com.unity3d.player.l
com.unity3d.player.l: boolean a
com.unity3d.player.l: boolean b
com.unity3d.player.l: boolean c
com.unity3d.player.l: boolean d
com.unity3d.player.l: boolean e
com.unity3d.player.l: l()
com.unity3d.player.l: void a()
com.unity3d.player.l: void b()
com.unity3d.player.l: boolean c()
com.unity3d.player.l: void d()
com.unity3d.player.l: void a(boolean)
com.unity3d.player.l: void b(boolean)
com.unity3d.player.l: boolean e()
com.unity3d.player.l: void c(boolean)
com.unity3d.player.l: boolean f()
com.unity3d.player.l: boolean g()
com.unity3d.player.l: java.lang.String toString()
com.unity3d.player.l: void <clinit>()