build/outputs/mapping/release/mapping.txt
com.unity3d.flyingchess.MainActivity -> com.unity3d.flyingchess.MainActivity:
    com.unity3d.flyingchess.MainActivity$RunThread runThread -> a
    android.widget.LinearLayout unity_view -> b
    android.widget.TextView action_text -> c
    android.os.Handler handler -> e
    void <init>() -> <init>
    void onCreate(android.os.Bundle) -> onCreate
    void init() -> a
    android.os.Handler access$000(com.unity3d.flyingchess.MainActivity) -> a
com.unity3d.flyingchess.MainActivity$1 -> com.unity3d.flyingchess.MainActivity$1:
    com.unity3d.flyingchess.MainActivity this$0 -> a
    void <init>(com.unity3d.flyingchess.MainActivity) -> <init>
    void handleMessage(android.os.Message) -> handleMessage
com.unity3d.flyingchess.MainActivity$RunThread -> com.unity3d.flyingchess.MainActivity$a:
    FlyChess.GameManager gameManager -> a
    com.unity3d.flyingchess.MainActivity this$0 -> b
    void <init>(com.unity3d.flyingchess.MainActivity,FlyChess.GameManager) -> <init>
    void run() -> run
    void showTurn() -> b
    int newDice() -> a
    void requestDice() -> c
    void requestChess() -> d
    void executeAction() -> e
com.unity3d.flyingchess.UnityPlayerActivity -> com.unity3d.flyingchess.UnityPlayerActivity:
    com.unity3d.player.UnityPlayer mUnityPlayer -> d
    void <init>() -> <init>
    void onCreate(android.os.Bundle) -> onCreate
    void onNewIntent(android.content.Intent) -> onNewIntent
    void onDestroy() -> onDestroy
    void onPause() -> onPause
    void onResume() -> onResume
    void onStart() -> onStart
    void onStop() -> onStop
    void onLowMemory() -> onLowMemory
    void onTrimMemory(int) -> onTrimMemory
    void onConfigurationChanged(android.content.res.Configuration) -> onConfigurationChanged
    void onWindowFocusChanged(boolean) -> onWindowFocusChanged
    boolean dispatchKeyEvent(android.view.KeyEvent) -> dispatchKeyEvent
    boolean onKeyUp(int,android.view.KeyEvent) -> onKeyUp
    boolean onKeyDown(int,android.view.KeyEvent) -> onKeyDown
    boolean onTouchEvent(android.view.MotionEvent) -> onTouchEvent
    boolean onGenericMotionEvent(android.view.MotionEvent) -> onGenericMotionEvent
...
com.unity3d.player.UnityPlayer$4 -> com.unity3d.player.UnityPlayer$4:
    boolean a -> a
    com.unity3d.player.UnityPlayer b -> b
    void <init>(com.unity3d.player.UnityPlayer,boolean) -> <init>
    void run() -> run
com.unity3d.player.UnityPlayer$5 -> com.unity3d.player.UnityPlayer$5:
    com.unity3d.player.UnityPlayer a -> a
    java.lang.String b -> b
    int c -> c
    boolean d -> d
    boolean e -> e
    boolean f -> f
    boolean g -> g
    java.lang.String h -> h
    com.unity3d.player.UnityPlayer i -> i
    void <init>(com.unity3d.player.UnityPlayer,com.unity3d.player.UnityPlayer,java.lang.String,int,boolean,boolean,boolean,boolean,java.lang.String) -> <init>
    void run() -> run
com.unity3d.player.UnityPlayer$6 -> com.unity3d.player.UnityPlayer$6:
    com.unity3d.player.UnityPlayer a -> a
    void <init>(com.unity3d.player.UnityPlayer) -> <init>
    void run() -> run
com.unity3d.player.UnityPlayer$7 -> com.unity3d.player.UnityPlayer$7:
    java.lang.Runnable a -> a
    com.unity3d.player.UnityPlayer b -> b
    void <init>(com.unity3d.player.UnityPlayer,java.lang.Runnable) -> <init>
    void a() -> a
com.unity3d.player.UnityPlayer$8 -> com.unity3d.player.UnityPlayer$8:
    java.lang.String a -> a
    com.unity3d.player.UnityPlayer b -> b
    void <init>(com.unity3d.player.UnityPlayer,java.lang.String) -> <init>
    void run() -> run
com.unity3d.player.UnityPlayer$9 -> com.unity3d.player.UnityPlayer$9:
    boolean a -> a
    java.lang.String b -> b
    int c -> c
    com.unity3d.player.UnityPlayer d -> d
    void <init>(com.unity3d.player.UnityPlayer,boolean,java.lang.String,int) -> <init>
    void a() -> a
com.unity3d.player.UnityPlayer$a -> com.unity3d.player.UnityPlayer$a:
    com.unity3d.player.UnityPlayer a -> a
    void <init>(com.unity3d.player.UnityPlayer) -> <init>
    void onCallStateChanged(int,java.lang.String) -> onCallStateChanged
    void <init>(com.unity3d.player.UnityPlayer,byte) -> <init>
com.unity3d.player.UnityPlayer$b -> com.unity3d.player.UnityPlayer$b:
    com.unity3d.player.UnityPlayer$b a -> a
    com.unity3d.player.UnityPlayer$b b -> b
    com.unity3d.player.UnityPlayer$b c -> c
    com.unity3d.player.UnityPlayer$b d -> d
    com.unity3d.player.UnityPlayer$b e -> e
    com.unity3d.player.UnityPlayer$b f -> f
    com.unity3d.player.UnityPlayer$b[] g -> g
    void <init>(java.lang.String,int) -> <init>
    void <clinit>() -> <clinit>
com.unity3d.player.UnityPlayer$c -> com.unity3d.player.UnityPlayer$c:
    android.os.Handler a -> a
    boolean b -> b
    int c -> c
    com.unity3d.player.UnityPlayer d -> d
    void <init>(com.unity3d.player.UnityPlayer) -> <init>
    void run() -> run
    void a() -> a
    void b() -> b
    void c() -> c
    void a(boolean) -> a
    void a(com.unity3d.player.UnityPlayer$b) -> a
    void <init>(com.unity3d.player.UnityPlayer,byte) -> <init>
com.unity3d.player.UnityPlayer$c$1 -> com.unity3d.player.UnityPlayer$c$1:
    com.unity3d.player.UnityPlayer$c a -> a
    void <init>(com.unity3d.player.UnityPlayer$c) -> <init>
    boolean handleMessage(android.os.Message) -> handleMessage
com.unity3d.player.UnityPlayer$d -> com.unity3d.player.UnityPlayer$d:
    com.unity3d.player.UnityPlayer e -> e
    void <init>(com.unity3d.player.UnityPlayer) -> <init>
    void run() -> run
    void a() -> a
    void <init>(com.unity3d.player.UnityPlayer,byte) -> <init>